2024-10-25T23:53:24,873  WARN PrepareForSimImpl:268 'usePersonIdForMissingVehicleId' is deprecated. It will be removed soon.
2024-10-25T23:53:24,924  WARN RandomizingTimeDistanceTravelDisutilityFactory:113 There will be no routing randomness. The randomization of the travel disutility requires the monetary distance rate to be different than zero. Continuing anyway.
2024-10-25T23:53:27,371  WARN CoordUtils$EucledianDistanceCalculator:432 Mixed use of elevation in coordinates: [x=476220.639 | y=4204443.971 | z=0.0]; [x=473179.687 | y=4202870.543]
2024-10-25T23:53:27,371  WARN CoordUtils$EucledianDistanceCalculator:434 Returning projected coordinate distance (using x and y components only)
2024-10-25T23:53:27,372  WARN CoordUtils$EucledianDistanceCalculator:432 Mixed use of elevation in coordinates: [x=476220.639 | y=4204443.971 | z=0.0]; [x=473179.687 | y=4202870.543]
2024-10-25T23:53:27,372  WARN CoordUtils$EucledianDistanceCalculator:434 Returning projected coordinate distance (using x and y components only)
2024-10-25T23:53:27,373  WARN CoordUtils$EucledianDistanceCalculator:432 Mixed use of elevation in coordinates: [x=476220.639 | y=4204443.971 | z=0.0]; [x=473179.687 | y=4202870.543]
2024-10-25T23:53:27,373  WARN CoordUtils$EucledianDistanceCalculator:434 Returning projected coordinate distance (using x and y components only)
2024-10-25T23:53:27,376  WARN CoordUtils$EucledianDistanceCalculator:432 Mixed use of elevation in coordinates: [x=476220.639 | y=4204443.971 | z=0.0]; [x=473179.687 | y=4202870.543]
2024-10-25T23:53:27,376  WARN CoordUtils$EucledianDistanceCalculator:434 Returning projected coordinate distance (using x and y components only)
2024-10-25T23:53:27,378  WARN CoordUtils$EucledianDistanceCalculator:432 Mixed use of elevation in coordinates: [x=476220.639 | y=4204443.971 | z=0.0]; [x=473179.687 | y=4202870.543]
2024-10-25T23:53:27,378  WARN CoordUtils$EucledianDistanceCalculator:434 Returning projected coordinate distance (using x and y components only)
2024-10-25T23:53:27,378  WARN CoordUtils$EucledianDistanceCalculator:432 Mixed use of elevation in coordinates: [x=476220.639 | y=4204443.971 | z=0.0]; [x=473179.687 | y=4202870.543]
2024-10-25T23:53:27,379  WARN CoordUtils$EucledianDistanceCalculator:434 Returning projected coordinate distance (using x and y components only)
2024-10-25T23:53:27,379  WARN CoordUtils$EucledianDistanceCalculator:432 Mixed use of elevation in coordinates: [x=476220.639 | y=4204443.971 | z=0.0]; [x=473179.687 | y=4202870.543]
2024-10-25T23:53:27,379  WARN CoordUtils$EucledianDistanceCalculator:434 Returning projected coordinate distance (using x and y components only)
2024-10-25T23:53:27,383  WARN CoordUtils$EucledianDistanceCalculator:432 Mixed use of elevation in coordinates: [x=476220.639 | y=4204443.971 | z=0.0]; [x=473179.687 | y=4202870.543]
2024-10-25T23:53:27,383  WARN CoordUtils$EucledianDistanceCalculator:434 Returning projected coordinate distance (using x and y components only)
2024-10-25T23:53:27,383  WARN CoordUtils$EucledianDistanceCalculator:432 Mixed use of elevation in coordinates: [x=476220.639 | y=4204443.971 | z=0.0]; [x=473179.687 | y=4202870.543]
2024-10-25T23:53:27,384  WARN CoordUtils$EucledianDistanceCalculator:434 Returning projected coordinate distance (using x and y components only)
2024-10-25T23:53:27,384  WARN CoordUtils$EucledianDistanceCalculator:432 Mixed use of elevation in coordinates: [x=476220.639 | y=4204443.971 | z=0.0]; [x=473179.687 | y=4202870.543]
2024-10-25T23:53:27,384  WARN CoordUtils$EucledianDistanceCalculator:434 Returning projected coordinate distance (using x and y components only)
2024-10-25T23:53:27,384  WARN CoordUtils$EucledianDistanceCalculator:437 Future occurences of this logging statement are suppressed.
2024-10-25T23:53:29,689  WARN ExpBetaPlanChanger:102 Would make sense to revise this once more.  See comments in code.  kai, nov08
